<?xml version="1.0" encoding="UTF-8"?>
<coverage generated="1785976121367" clover="3.2.0">
  <project timestamp="1785976121367" name="All files">
    <metrics statements="303" coveredstatements="200" conditionals="188" coveredconditionals="94" methods="37" coveredmethods="27" elements="528" coveredelements="321" complexity="0" loc="303" ncloc="303" packages="2" files="2" classes="2"/>
    <package name="src">
      <metrics statements="1" coveredstatements="0" conditionals="0" coveredconditionals="0" methods="2" coveredmethods="0"/>
      <file name="index.ts" path="/Users/jmcvicker/customer-POCs/kroger/attachment-sync/src/index.ts">
        <metrics statements="1" coveredstatements="0" conditionals="0" coveredconditionals="0" methods="2" coveredmethods="0"/>
        <line num="1" count="0" type="stmt"/>
      </file>
    </package>
    <package name="src.resolvers">
      <metrics statements="302" coveredstatements="200" conditionals="188" coveredconditionals="94" methods="35" coveredmethods="27"/>
      <file name="index.ts" path="/Users/jmcvicker/customer-POCs/kroger/attachment-sync/src/resolvers/index.ts">
        <metrics statements="302" coveredstatements="200" conditionals="188" coveredconditionals="94" methods="35" coveredmethods="27"/>
        <line num="1" count="2" type="stmt"/>
        <line num="2" count="2" type="stmt"/>
        <line num="5" count="2" type="stmt"/>
        <line num="6" count="2" type="stmt"/>
        <line num="7" count="2" type="stmt"/>
        <line num="8" count="2" type="stmt"/>
        <line num="98" count="32" type="stmt"/>
        <line num="101" count="2" type="stmt"/>
        <line num="102" count="24" type="stmt"/>
        <line num="103" count="24" type="cond" truecount="2" falsecount="0"/>
        <line num="106" count="2" type="stmt"/>
        <line num="107" count="8" type="stmt"/>
        <line num="108" count="8" type="stmt"/>
        <line num="109" count="8" type="stmt"/>
        <line num="114" count="22" type="stmt"/>
        <line num="115" count="22" type="stmt"/>
        <line num="116" count="22" type="stmt"/>
        <line num="118" count="22" type="cond" truecount="2" falsecount="3"/>
        <line num="119" count="0" type="stmt"/>
        <line num="126" count="22" type="stmt"/>
        <line num="130" count="0" type="cond" truecount="0" falsecount="2"/>
        <line num="131" count="0" type="stmt"/>
        <line num="134" count="0" type="stmt"/>
        <line num="135" count="0" type="stmt"/>
        <line num="136" count="0" type="cond" truecount="0" falsecount="2"/>
        <line num="140" count="0" type="cond" truecount="0" falsecount="4"/>
        <line num="141" count="0" type="stmt"/>
        <line num="144" count="0" type="cond" truecount="0" falsecount="4"/>
        <line num="145" count="0" type="stmt"/>
        <line num="148" count="0" type="stmt"/>
        <line num="152" count="0" type="cond" truecount="0" falsecount="2"/>
        <line num="156" count="0" type="cond" truecount="0" falsecount="2"/>
        <line num="157" count="0" type="stmt"/>
        <line num="160" count="0" type="cond" truecount="0" falsecount="2"/>
        <line num="161" count="0" type="stmt"/>
        <line num="164" count="0" type="stmt"/>
        <line num="168" count="0" type="stmt"/>
        <line num="169" count="0" type="stmt"/>
        <line num="170" count="0" type="stmt"/>
        <line num="172" count="0" type="stmt"/>
        <line num="174" count="0" type="stmt"/>
        <line num="176" count="0" type="stmt"/>
        <line num="186" count="0" type="stmt"/>
        <line num="187" count="0" type="stmt"/>
        <line num="189" count="0" type="stmt"/>
        <line num="190" count="0" type="stmt"/>
        <line num="191" count="0" type="stmt"/>
        <line num="192" count="0" type="cond" truecount="0" falsecount="2"/>
        <line num="193" count="0" type="stmt"/>
        <line num="194" count="0" type="stmt"/>
        <line num="195" count="0" type="stmt"/>
        <line num="201" count="0" type="cond" truecount="0" falsecount="2"/>
        <line num="202" count="0" type="stmt"/>
        <line num="203" count="0" type="stmt"/>
        <line num="205" count="0" type="stmt"/>
        <line num="206" count="0" type="cond" truecount="0" falsecount="2"/>
        <line num="207" count="0" type="stmt"/>
        <line num="210" count="0" type="stmt"/>
        <line num="211" count="0" type="cond" truecount="0" falsecount="2"/>
        <line num="212" count="0" type="stmt"/>
        <line num="215" count="0" type="cond" truecount="0" falsecount="2"/>
        <line num="216" count="0" type="stmt"/>
        <line num="225" count="0" type="stmt"/>
        <line num="229" count="12" type="stmt"/>
        <line num="230" count="12" type="stmt"/>
        <line num="231" count="12" type="stmt"/>
        <line num="233" count="12" type="cond" truecount="2" falsecount="0"/>
        <line num="234" count="12" type="stmt"/>
        <line num="236" count="12" type="cond" truecount="1" falsecount="1"/>
        <line num="240" count="12" type="stmt"/>
        <line num="241" count="12" type="cond" truecount="2" falsecount="0"/>
        <line num="242" count="1" type="stmt"/>
        <line num="243" count="1" type="stmt"/>
        <line num="244" count="1" type="stmt"/>
        <line num="247" count="11" type="stmt"/>
        <line num="248" count="11" type="stmt"/>
        <line num="251" count="11" type="cond" truecount="2" falsecount="0"/>
        <line num="254" count="11" type="stmt"/>
        <line num="262" count="0" type="stmt"/>
        <line num="263" count="0" type="stmt"/>
        <line num="264" count="0" type="stmt"/>
        <line num="266" count="0" type="cond" truecount="0" falsecount="2"/>
        <line num="267" count="0" type="stmt"/>
        <line num="268" count="0" type="cond" truecount="0" falsecount="2"/>
        <line num="270" count="0" type="stmt"/>
        <line num="278" count="0" type="cond" truecount="0" falsecount="2"/>
        <line num="279" count="0" type="stmt"/>
        <line num="280" count="0" type="stmt"/>
        <line num="281" count="0" type="stmt"/>
        <line num="284" count="0" type="stmt"/>
        <line num="285" count="0" type="stmt"/>
        <line num="286" count="0" type="cond" truecount="0" falsecount="2"/>
        <line num="289" count="0" type="stmt"/>
        <line num="292" count="2" type="stmt"/>
        <line num="293" count="12" type="stmt"/>
        <line num="294" count="12" type="cond" truecount="2" falsecount="3"/>
        <line num="295" count="0" type="stmt"/>
        <line num="298" count="12" type="stmt"/>
        <line num="301" count="2" type="stmt"/>
        <line num="306" count="9" type="stmt"/>
        <line num="307" count="9" type="cond" truecount="2" falsecount="3"/>
        <line num="308" count="0" type="stmt"/>
        <line num="314" count="0" type="stmt"/>
        <line num="315" count="0" type="stmt"/>
        <line num="316" count="0" type="stmt"/>
        <line num="318" count="0" type="stmt"/>
        <line num="319" count="0" type="stmt"/>
        <line num="326" count="0" type="cond" truecount="0" falsecount="2"/>
        <line num="327" count="0" type="cond" truecount="0" falsecount="2"/>
        <line num="328" count="0" type="stmt"/>
        <line num="329" count="0" type="stmt"/>
        <line num="332" count="0" type="stmt"/>
        <line num="333" count="0" type="stmt"/>
        <line num="334" count="0" type="stmt"/>
        <line num="335" count="0" type="cond" truecount="0" falsecount="2"/>
        <line num="336" count="0" type="stmt"/>
        <line num="341" count="0" type="cond" truecount="0" falsecount="2"/>
        <line num="342" count="0" type="cond" truecount="0" falsecount="2"/>
        <line num="343" count="0" type="cond" truecount="0" falsecount="2"/>
        <line num="346" count="9" type="stmt"/>
        <line num="347" count="9" type="cond" truecount="2" falsecount="0"/>
        <line num="348" count="2" type="stmt"/>
        <line num="351" count="7" type="cond" truecount="1" falsecount="1"/>
        <line num="352" count="7" type="stmt"/>
        <line num="353" count="7" type="stmt"/>
        <line num="371" count="42" type="stmt"/>
        <line num="374" count="2" type="stmt"/>
        <line num="375" count="11" type="cond" truecount="1" falsecount="1"/>
        <line num="376" count="11" type="stmt"/>
        <line num="377" count="11" type="stmt"/>
        <line num="379" count="11" type="cond" truecount="3" falsecount="1"/>
        <line num="380" count="0" type="stmt"/>
        <line num="383" count="11" type="stmt"/>
        <line num="384" count="11" type="stmt"/>
        <line num="390" count="11" type="stmt"/>
        <line num="392" count="11" type="stmt"/>
        <line num="400" count="11" type="cond" truecount="1" falsecount="1"/>
        <line num="401" count="0" type="stmt"/>
        <line num="402" count="0" type="stmt"/>
        <line num="405" count="11" type="stmt"/>
        <line num="406" count="11" type="cond" truecount="1" falsecount="1"/>
        <line num="407" count="11" type="stmt"/>
        <line num="408" count="11" type="stmt"/>
        <line num="409" count="11" type="stmt"/>
        <line num="410" count="10" type="cond" truecount="3" falsecount="1"/>
        <line num="414" count="11" type="cond" truecount="2" falsecount="0"/>
        <line num="415" count="1" type="stmt"/>
        <line num="418" count="10" type="cond" truecount="1" falsecount="1"/>
        <line num="419" count="0" type="stmt"/>
        <line num="422" count="0" type="stmt"/>
        <line num="425" count="10" type="stmt"/>
        <line num="428" count="2" type="stmt"/>
        <line num="429" count="1" type="stmt"/>
        <line num="430" count="1" type="cond" truecount="2" falsecount="3"/>
        <line num="440" count="1" type="cond" truecount="1" falsecount="1"/>
        <line num="441" count="0" type="stmt"/>
        <line num="442" count="0" type="stmt"/>
        <line num="445" count="1" type="stmt"/>
        <line num="446" count="1" type="stmt"/>
        <line num="447" count="1" type="stmt"/>
        <line num="449" count="1" type="cond" truecount="3" falsecount="1"/>
        <line num="450" count="0" type="stmt"/>
        <line num="453" count="1" type="cond" truecount="2" falsecount="3"/>
        <line num="463" count="1" type="cond" truecount="1" falsecount="1"/>
        <line num="464" count="0" type="stmt"/>
        <line num="465" count="0" type="stmt"/>
        <line num="468" count="1" type="stmt"/>
        <line num="469" count="1" type="stmt"/>
        <line num="471" count="1" type="cond" truecount="1" falsecount="1"/>
        <line num="472" count="0" type="stmt"/>
        <line num="475" count="1" type="stmt"/>
        <line num="485" count="2" type="stmt"/>
        <line num="486" count="2" type="stmt"/>
        <line num="487" count="2" type="stmt"/>
        <line num="490" count="20" type="stmt"/>
        <line num="491" count="20" type="stmt"/>
        <line num="495" count="11" type="stmt"/>
        <line num="503" count="11" type="stmt"/>
        <line num="504" count="11" type="stmt"/>
        <line num="505" count="11" type="stmt"/>
        <line num="506" count="11" type="stmt"/>
        <line num="511" count="11" type="stmt"/>
        <line num="512" count="11" type="stmt"/>
        <line num="513" count="11" type="stmt"/>
        <line num="515" count="11" type="stmt"/>
        <line num="516" count="11" type="stmt"/>
        <line num="517" count="11" type="stmt"/>
        <line num="519" count="11" type="stmt"/>
        <line num="523" count="2" type="stmt"/>
        <line num="526" count="2" type="stmt"/>
        <line num="532" count="10" type="cond" truecount="1" falsecount="1"/>
        <line num="533" count="10" type="stmt"/>
        <line num="534" count="10" type="stmt"/>
        <line num="536" count="10" type="cond" truecount="4" falsecount="0"/>
        <line num="537" count="1" type="stmt"/>
        <line num="540" count="9" type="stmt"/>
        <line num="541" count="9" type="stmt"/>
        <line num="543" count="9" type="stmt"/>
        <line num="545" count="9" type="stmt"/>
        <line num="546" count="11" type="stmt"/>
        <line num="547" count="11" type="stmt"/>
        <line num="549" count="11" type="stmt"/>
        <line num="552" count="11" type="stmt"/>
        <line num="553" count="11" type="stmt"/>
        <line num="555" count="11" type="stmt"/>
        <line num="561" count="11" type="cond" truecount="2" falsecount="0"/>
        <line num="562" count="8" type="stmt"/>
        <line num="565" count="3" type="stmt"/>
        <line num="566" count="3" type="stmt"/>
        <line num="567" count="3" type="cond" truecount="2" falsecount="0"/>
        <line num="568" count="1" type="stmt"/>
        <line num="571" count="0" type="cond" truecount="0" falsecount="2"/>
        <line num="572" count="0" type="cond" truecount="0" falsecount="2"/>
        <line num="573" count="0" type="stmt"/>
        <line num="577" count="3" type="cond" truecount="2" falsecount="0"/>
        <line num="578" count="2" type="stmt"/>
        <line num="579" count="2" type="stmt"/>
        <line num="583" count="1" type="cond" truecount="1" falsecount="1"/>
        <line num="586" count="2" type="stmt"/>
        <line num="592" count="11" type="cond" truecount="1" falsecount="1"/>
        <line num="594" count="11" type="stmt"/>
        <line num="595" count="11" type="cond" truecount="2" falsecount="0"/>
        <line num="596" count="1" type="stmt"/>
        <line num="599" count="1" type="stmt"/>
        <line num="603" count="10" type="stmt"/>
        <line num="605" count="10" type="stmt"/>
        <line num="606" count="10" type="stmt"/>
        <line num="609" count="10" type="cond" truecount="1" falsecount="1"/>
        <line num="610" count="0" type="stmt"/>
        <line num="612" count="12" type="stmt"/>
        <line num="614" count="10" type="cond" truecount="2" falsecount="0"/>
        <line num="615" count="4" type="stmt"/>
        <line num="616" count="4" type="stmt"/>
        <line num="620" count="6" type="stmt"/>
        <line num="621" count="6" type="stmt"/>
        <line num="623" count="6" type="stmt"/>
        <line num="624" count="9" type="stmt"/>
        <line num="626" count="9" type="stmt"/>
        <line num="627" count="9" type="stmt"/>
        <line num="634" count="7" type="stmt"/>
        <line num="637" count="7" type="stmt"/>
        <line num="642" count="7" type="stmt"/>
        <line num="644" count="7" type="stmt"/>
        <line num="646" count="2" type="stmt"/>
        <line num="647" count="2" type="cond" truecount="1" falsecount="1"/>
        <line num="648" count="2" type="stmt"/>
        <line num="653" count="6" type="stmt"/>
        <line num="660" count="10" type="cond" truecount="1" falsecount="1"/>
        <line num="661" count="0" type="stmt"/>
        <line num="664" count="10" type="stmt"/>
        <line num="665" count="8" type="stmt"/>
        <line num="668" count="10" type="stmt"/>
        <line num="672" count="5" type="cond" truecount="2" falsecount="0"/>
        <line num="673" count="3" type="stmt"/>
        <line num="676" count="2" type="stmt"/>
        <line num="677" count="2" type="cond" truecount="3" falsecount="1"/>
        <line num="678" count="0" type="stmt"/>
        <line num="681" count="2" type="stmt"/>
        <line num="685" count="3" type="cond" truecount="1" falsecount="1"/>
        <line num="686" count="0" type="stmt"/>
        <line num="689" count="3" type="stmt"/>
        <line num="690" count="3" type="stmt"/>
        <line num="692" count="0" type="stmt"/>
        <line num="697" count="7" type="cond" truecount="2" falsecount="0"/>
        <line num="698" count="3" type="stmt"/>
        <line num="701" count="4" type="stmt"/>
        <line num="702" count="4" type="cond" truecount="1" falsecount="1"/>
        <line num="706" count="2" type="stmt"/>
        <line num="707" count="11" type="cond" truecount="2" falsecount="0"/>
        <line num="708" count="11" type="cond" truecount="2" falsecount="0"/>
        <line num="709" count="11" type="cond" truecount="2" falsecount="0"/>
        <line num="711" count="11" type="cond" truecount="5" falsecount="0"/>
        <line num="712" count="2" type="stmt"/>
        <line num="713" count="2" type="stmt"/>
        <line num="716" count="9" type="stmt"/>
        <line num="720" count="2" type="stmt"/>
        <line num="721" count="5" type="stmt"/>
        <line num="722" count="5" type="cond" truecount="1" falsecount="1"/>
        <line num="723" count="0" type="stmt"/>
        <line num="730" count="5" type="stmt"/>
        <line num="731" count="5" type="stmt"/>
        <line num="732" count="5" type="stmt"/>
        <line num="733" count="5" type="cond" truecount="2" falsecount="0"/>
        <line num="735" count="5" type="cond" truecount="2" falsecount="0"/>
        <line num="736" count="1" type="stmt"/>
        <line num="743" count="4" type="cond" truecount="2" falsecount="0"/>
        <line num="744" count="1" type="stmt"/>
        <line num="752" count="3" type="stmt"/>
        <line num="753" count="3" type="stmt"/>
        <line num="755" count="0" type="stmt"/>
        <line num="762" count="3" type="stmt"/>
        <line num="763" count="3" type="cond" truecount="2" falsecount="0"/>
        <line num="764" count="1" type="stmt"/>
        <line num="771" count="2" type="stmt"/>
        <line num="772" count="2" type="stmt"/>
        <line num="773" count="2" type="stmt"/>
        <line num="774" count="2" type="cond" truecount="4" falsecount="0"/>
        <line num="782" count="2" type="stmt"/>
        <line num="789" count="2" type="stmt"/>
        <line num="795" count="0" type="cond" truecount="0" falsecount="2"/>
        <line num="796" count="0" type="stmt"/>
        <line num="797" count="0" type="stmt"/>
      </file>
    </package>
  </project>
</coverage>
