{"/Users/jmcvicker/customer-POCs/kroger/attachment-sync/src/index.ts": {"path":"/Users/jmcvicker/customer-POCs/kroger/attachment-sync/src/index.ts","statementMap":{"0":{"start":{"line":1,"column":0},"end":{"line":1,"column":9}},"1":{"start":{"line":1,"column":9},"end":{"line":1,"column":18}},"2":{"start":{"line":1,"column":18},"end":{"line":1,"column":50}}},"fnMap":{"0":{"name":"(anonymous_0)","decl":{"start":{"line":1,"column":9},"end":{"line":1,"column":16}},"loc":{"start":{"line":1,"column":9},"end":{"line":1,"column":18}}},"1":{"name":"(anonymous_1)","decl":{"start":{"line":1,"column":18},"end":{"line":1,"column":28}},"loc":{"start":{"line":1,"column":18},"end":{"line":1,"column":50}}}},"branchMap":{},"s":{"0":0,"1":0,"2":0},"f":{"0":0,"1":0},"b":{}}
,"/Users/jmcvicker/customer-POCs/kroger/attachment-sync/src/resolvers/index.ts": {"path":"/Users/jmcvicker/customer-POCs/kroger/attachment-sync/src/resolvers/index.ts","statementMap":{"0":{"start":{"line":101,"column":0},"end":{"line":101,"column":7}},"1":{"start":{"line":106,"column":0},"end":{"line":106,"column":7}},"2":{"start":{"line":292,"column":0},"end":{"line":292,"column":7}},"3":{"start":{"line":301,"column":0},"end":{"line":301,"column":7}},"4":{"start":{"line":374,"column":0},"end":{"line":374,"column":7}},"5":{"start":{"line":428,"column":0},"end":{"line":428,"column":7}},"6":{"start":{"line":526,"column":0},"end":{"line":526,"column":7}},"7":{"start":{"line":586,"column":0},"end":{"line":586,"column":7}},"8":{"start":{"line":706,"column":0},"end":{"line":706,"column":7}},"9":{"start":{"line":720,"column":0},"end":{"line":720,"column":7}},"10":{"start":{"line":1,"column":0},"end":{"line":1,"column":67}},"11":{"start":{"line":2,"column":0},"end":{"line":2,"column":33}},"12":{"start":{"line":5,"column":20},"end":{"line":5,"column":21}},"13":{"start":{"line":6,"column":30},"end":{"line":6,"column":33}},"14":{"start":{"line":7,"column":28},"end":{"line":7,"column":31}},"15":{"start":{"line":8,"column":32},"end":{"line":8,"column":70}},"16":{"start":{"line":98,"column":2},"end":{"line":98,"column":46}},"17":{"start":{"line":102,"column":17},"end":{"line":102,"column":93}},"18":{"start":{"line":103,"column":2},"end":{"line":103,"column":22}},"19":{"start":{"line":107,"column":18},"end":{"line":107,"column":58}},"20":{"start":{"line":108,"column":2},"end":{"line":108,"column":27}},"21":{"start":{"line":109,"column":2},"end":{"line":109,"column":54}},"22":{"start":{"line":114,"column":24},"end":{"line":114,"column":51}},"23":{"start":{"line":115,"column":22},"end":{"line":115,"column":51}},"24":{"start":{"line":116,"column":25},"end":{"line":116,"column":58}},"25":{"start":{"line":118,"column":2},"end":{"line":124,"column":3}},"26":{"start":{"line":119,"column":4},"end":{"line":123,"column":6}},"27":{"start":{"line":126,"column":2},"end":{"line":126,"column":27}},"28":{"start":{"line":130,"column":2},"end":{"line":132,"column":3}},"29":{"start":{"line":131,"column":4},"end":{"line":131,"column":21}},"30":{"start":{"line":134,"column":22},"end":{"line":134,"column":53}},"31":{"start":{"line":135,"column":27},"end":{"line":135,"column":56}},"32":{"start":{"line":136,"column":23},"end":{"line":136,"column":78}},"33":{"start":{"line":140,"column":2},"end":{"line":142,"column":3}},"34":{"start":{"line":141,"column":4},"end":{"line":141,"column":46}},"35":{"start":{"line":144,"column":2},"end":{"line":146,"column":3}},"36":{"start":{"line":145,"column":4},"end":{"line":145,"column":58}},"37":{"start":{"line":148,"column":2},"end":{"line":148,"column":43}},"38":{"start":{"line":152,"column":2},"end":{"line":152,"column":79}},"39":{"start":{"line":156,"column":2},"end":{"line":158,"column":3}},"40":{"start":{"line":157,"column":4},"end":{"line":157,"column":38}},"41":{"start":{"line":160,"column":2},"end":{"line":162,"column":3}},"42":{"start":{"line":161,"column":4},"end":{"line":161,"column":26}},"43":{"start":{"line":164,"column":2},"end":{"line":164,"column":14}},"44":{"start":{"line":168,"column":2},"end":{"line":177,"column":3}},"45":{"start":{"line":169,"column":19},"end":{"line":169,"column":37}},"46":{"start":{"line":170,"column":28},"end":{"line":173,"column":16}},"47":{"start":{"line":172,"column":24},"end":{"line":172,"column":71}},"48":{"start":{"line":174,"column":4},"end":{"line":174,"column":64}},"49":{"start":{"line":176,"column":4},"end":{"line":176,"column":21}},"50":{"start":{"line":186,"column":18},"end":{"line":186,"column":63}},"51":{"start":{"line":187,"column":21},"end":{"line":187,"column":73}},"52":{"start":{"line":189,"column":2},"end":{"line":199,"column":3}},"53":{"start":{"line":190,"column":19},"end":{"line":190,"column":35}},"54":{"start":{"line":191,"column":24},"end":{"line":191,"column":63}},"55":{"start":{"line":192,"column":4},"end":{"line":196,"column":5}},"56":{"start":{"line":193,"column":30},"end":{"line":193,"column":78}},"57":{"start":{"line":194,"column":6},"end":{"line":194,"column":38}},"58":{"start":{"line":195,"column":6},"end":{"line":195,"column":55}},"59":{"start":{"line":201,"column":2},"end":{"line":223,"column":3}},"60":{"start":{"line":202,"column":28},"end":{"line":202,"column":40}},"61":{"start":{"line":203,"column":35},"end":{"line":203,"column":70}},"62":{"start":{"line":205,"column":4},"end":{"line":205,"column":106}},"63":{"start":{"line":206,"column":4},"end":{"line":208,"column":5}},"64":{"start":{"line":207,"column":6},"end":{"line":207,"column":118}},"65":{"start":{"line":210,"column":4},"end":{"line":210,"column":104}},"66":{"start":{"line":211,"column":4},"end":{"line":213,"column":5}},"67":{"start":{"line":212,"column":6},"end":{"line":212,"column":116}},"68":{"start":{"line":215,"column":4},"end":{"line":222,"column":5}},"69":{"start":{"line":216,"column":6},"end":{"line":221,"column":8}},"70":{"start":{"line":225,"column":2},"end":{"line":225,"column":32}},"71":{"start":{"line":229,"column":49},"end":{"line":229,"column":51}},"72":{"start":{"line":230,"column":31},"end":{"line":230,"column":35}},"73":{"start":{"line":231,"column":23},"end":{"line":231,"column":27}},"74":{"start":{"line":233,"column":2},"end":{"line":252,"column":3}},"75":{"start":{"line":234,"column":4},"end":{"line":234,"column":27}},"76":{"start":{"line":236,"column":25},"end":{"line":238,"column":92}},"77":{"start":{"line":240,"column":21},"end":{"line":240,"column":70}},"78":{"start":{"line":241,"column":4},"end":{"line":245,"column":5}},"79":{"start":{"line":242,"column":24},"end":{"line":242,"column":45}},"80":{"start":{"line":243,"column":6},"end":{"line":243,"column":83}},"81":{"start":{"line":244,"column":6},"end":{"line":244,"column":105}},"82":{"start":{"line":247,"column":41},"end":{"line":247,"column":62}},"83":{"start":{"line":248,"column":4},"end":{"line":248,"column":41}},"84":{"start":{"line":251,"column":4},"end":{"line":251,"column":40}},"85":{"start":{"line":254,"column":2},"end":{"line":254,"column":24}},"86":{"start":{"line":262,"column":49},"end":{"line":262,"column":51}},"87":{"start":{"line":263,"column":31},"end":{"line":263,"column":35}},"88":{"start":{"line":264,"column":23},"end":{"line":264,"column":27}},"89":{"start":{"line":266,"column":2},"end":{"line":287,"column":3}},"90":{"start":{"line":267,"column":4},"end":{"line":267,"column":27}},"91":{"start":{"line":268,"column":23},"end":{"line":268,"column":123}},"92":{"start":{"line":270,"column":21},"end":{"line":276,"column":6}},"93":{"start":{"line":278,"column":4},"end":{"line":282,"column":5}},"94":{"start":{"line":279,"column":24},"end":{"line":279,"column":45}},"95":{"start":{"line":280,"column":6},"end":{"line":280,"column":83}},"96":{"start":{"line":281,"column":6},"end":{"line":281,"column":105}},"97":{"start":{"line":284,"column":17},"end":{"line":284,"column":64}},"98":{"start":{"line":285,"column":4},"end":{"line":285,"column":41}},"99":{"start":{"line":286,"column":4},"end":{"line":286,"column":88}},"100":{"start":{"line":289,"column":2},"end":{"line":289,"column":24}},"101":{"start":{"line":293,"column":23},"end":{"line":293,"column":50}},"102":{"start":{"line":294,"column":2},"end":{"line":296,"column":3}},"103":{"start":{"line":295,"column":4},"end":{"line":295,"column":105}},"104":{"start":{"line":298,"column":2},"end":{"line":298,"column":51}},"105":{"start":{"line":306,"column":23},"end":{"line":306,"column":50}},"106":{"start":{"line":307,"column":2},"end":{"line":344,"column":3}},"107":{"start":{"line":308,"column":26},"end":{"line":312,"column":null}},"108":{"start":{"line":314,"column":36},"end":{"line":314,"column":40}},"109":{"start":{"line":315,"column":24},"end":{"line":315,"column":26}},"110":{"start":{"line":316,"column":27},"end":{"line":316,"column":29}},"111":{"start":{"line":318,"column":4},"end":{"line":339,"column":5}},"112":{"start":{"line":319,"column":23},"end":{"line":324,"column":8}},"113":{"start":{"line":326,"column":6},"end":{"line":330,"column":7}},"114":{"start":{"line":327,"column":28},"end":{"line":327,"column":94}},"115":{"start":{"line":328,"column":23},"end":{"line":328,"column":51}},"116":{"start":{"line":329,"column":8},"end":{"line":329,"column":39}},"117":{"start":{"line":332,"column":6},"end":{"line":332,"column":35}},"118":{"start":{"line":333,"column":6},"end":{"line":333,"column":44}},"119":{"start":{"line":334,"column":6},"end":{"line":334,"column":38}},"120":{"start":{"line":335,"column":6},"end":{"line":337,"column":7}},"121":{"start":{"line":336,"column":8},"end":{"line":336,"column":14}},"122":{"start":{"line":341,"column":24},"end":{"line":341,"column":64}},"123":{"start":{"line":342,"column":22},"end":{"line":342,"column":80}},"124":{"start":{"line":343,"column":4},"end":{"line":343,"column":107}},"125":{"start":{"line":346,"column":19},"end":{"line":346,"column":87}},"126":{"start":{"line":347,"column":2},"end":{"line":349,"column":3}},"127":{"start":{"line":348,"column":4},"end":{"line":348,"column":73}},"128":{"start":{"line":351,"column":22},"end":{"line":351,"column":88}},"129":{"start":{"line":352,"column":17},"end":{"line":352,"column":45}},"130":{"start":{"line":353,"column":2},"end":{"line":353,"column":33}},"131":{"start":{"line":371,"column":2},"end":{"line":371,"column":36}},"132":{"start":{"line":375,"column":24},"end":{"line":375,"column":78}},"133":{"start":{"line":376,"column":22},"end":{"line":376,"column":51}},"134":{"start":{"line":377,"column":25},"end":{"line":377,"column":58}},"135":{"start":{"line":379,"column":2},"end":{"line":381,"column":3}},"136":{"start":{"line":380,"column":4},"end":{"line":380,"column":106}},"137":{"start":{"line":383,"column":21},"end":{"line":383,"column":70}},"138":{"start":{"line":384,"column":17},"end":{"line":389,"column":4}},"139":{"start":{"line":390,"column":20},"end":{"line":390,"column":81}},"140":{"start":{"line":392,"column":19},"end":{"line":398,"column":4}},"141":{"start":{"line":400,"column":2},"end":{"line":403,"column":3}},"142":{"start":{"line":401,"column":22},"end":{"line":401,"column":43}},"143":{"start":{"line":402,"column":4},"end":{"line":402,"column":85}},"144":{"start":{"line":405,"column":15},"end":{"line":405,"column":67}},"145":{"start":{"line":406,"column":18},"end":{"line":406,"column":36}},"146":{"start":{"line":407,"column":26},"end":{"line":407,"column":52}},"147":{"start":{"line":408,"column":30},"end":{"line":408,"column":60}},"148":{"start":{"line":409,"column":18},"end":{"line":411,"column":null}},"149":{"start":{"line":410,"column":4},"end":{"line":411,"column":68}},"150":{"start":{"line":414,"column":2},"end":{"line":416,"column":3}},"151":{"start":{"line":415,"column":4},"end":{"line":415,"column":16}},"152":{"start":{"line":418,"column":2},"end":{"line":423,"column":3}},"153":{"start":{"line":419,"column":4},"end":{"line":421,"column":6}},"154":{"start":{"line":422,"column":4},"end":{"line":422,"column":16}},"155":{"start":{"line":425,"column":2},"end":{"line":425,"column":23}},"156":{"start":{"line":429,"column":23},"end":{"line":429,"column":50}},"157":{"start":{"line":430,"column":19},"end":{"line":438,"column":78}},"158":{"start":{"line":440,"column":2},"end":{"line":443,"column":3}},"159":{"start":{"line":441,"column":22},"end":{"line":441,"column":43}},"160":{"start":{"line":442,"column":4},"end":{"line":442,"column":93}},"161":{"start":{"line":445,"column":15},"end":{"line":445,"column":58}},"162":{"start":{"line":446,"column":16},"end":{"line":446,"column":26}},"163":{"start":{"line":447,"column":18},"end":{"line":447,"column":30}},"164":{"start":{"line":449,"column":2},"end":{"line":451,"column":3}},"165":{"start":{"line":450,"column":4},"end":{"line":450,"column":74}},"166":{"start":{"line":453,"column":24},"end":{"line":461,"column":80}},"167":{"start":{"line":463,"column":2},"end":{"line":466,"column":3}},"168":{"start":{"line":464,"column":22},"end":{"line":464,"column":48}},"169":{"start":{"line":465,"column":4},"end":{"line":465,"column":99}},"170":{"start":{"line":468,"column":20},"end":{"line":468,"column":69}},"171":{"start":{"line":469,"column":20},"end":{"line":469,"column":34}},"172":{"start":{"line":471,"column":2},"end":{"line":473,"column":3}},"173":{"start":{"line":472,"column":4},"end":{"line":472,"column":74}},"174":{"start":{"line":475,"column":2},"end":{"line":479,"column":4}},"175":{"start":{"line":485,"column":31},"end":{"line":485,"column":50}},"176":{"start":{"line":486,"column":30},"end":{"line":486,"column":39}},"177":{"start":{"line":487,"column":25},"end":{"line":487,"column":40}},"178":{"start":{"line":490,"column":22},"end":{"line":490,"column":44}},"179":{"start":{"line":491,"column":2},"end":{"line":491,"column":38}},"180":{"start":{"line":495,"column":2},"end":{"line":495,"column":39}},"181":{"start":{"line":503,"column":19},"end":{"line":503,"column":57}},"182":{"start":{"line":504,"column":18},"end":{"line":504,"column":35}},"183":{"start":{"line":505,"column":23},"end":{"line":505,"column":49}},"184":{"start":{"line":506,"column":19},"end":{"line":509,"column":null}},"185":{"start":{"line":511,"column":20},"end":{"line":511,"column":46}},"186":{"start":{"line":512,"column":19},"end":{"line":512,"column":60}},"187":{"start":{"line":513,"column":15},"end":{"line":513,"column":83}},"188":{"start":{"line":515,"column":2},"end":{"line":515,"column":24}},"189":{"start":{"line":516,"column":2},"end":{"line":516,"column":39}},"190":{"start":{"line":517,"column":2},"end":{"line":517,"column":57}},"191":{"start":{"line":519,"column":2},"end":{"line":519,"column":41}},"192":{"start":{"line":523,"column":2},"end":{"line":523,"column":59}},"193":{"start":{"line":523,"column":34},"end":{"line":523,"column":57}},"194":{"start":{"line":532,"column":24},"end":{"line":532,"column":78}},"195":{"start":{"line":533,"column":22},"end":{"line":533,"column":51}},"196":{"start":{"line":534,"column":25},"end":{"line":534,"column":58}},"197":{"start":{"line":536,"column":2},"end":{"line":538,"column":3}},"198":{"start":{"line":537,"column":4},"end":{"line":537,"column":106}},"199":{"start":{"line":540,"column":21},"end":{"line":540,"column":70}},"200":{"start":{"line":541,"column":20},"end":{"line":541,"column":93}},"201":{"start":{"line":543,"column":32},"end":{"line":543,"column":36}},"202":{"start":{"line":545,"column":2},"end":{"line":581,"column":3}},"203":{"start":{"line":545,"column":21},"end":{"line":545,"column":22}},"204":{"start":{"line":546,"column":4},"end":{"line":575,"column":5}},"205":{"start":{"line":547,"column":33},"end":{"line":547,"column":86}},"206":{"start":{"line":549,"column":46},"end":{"line":551,"column":8}},"207":{"start":{"line":552,"column":6},"end":{"line":552,"column":45}},"208":{"start":{"line":553,"column":6},"end":{"line":553,"column":62}},"209":{"start":{"line":555,"column":23},"end":{"line":559,"column":8}},"210":{"start":{"line":561,"column":6},"end":{"line":563,"column":7}},"211":{"start":{"line":562,"column":8},"end":{"line":562,"column":15}},"212":{"start":{"line":565,"column":24},"end":{"line":565,"column":45}},"213":{"start":{"line":566,"column":6},"end":{"line":566,"column":90}},"214":{"start":{"line":567,"column":6},"end":{"line":569,"column":7}},"215":{"start":{"line":568,"column":8},"end":{"line":568,"column":107}},"216":{"start":{"line":571,"column":6},"end":{"line":571,"column":70}},"217":{"start":{"line":572,"column":6},"end":{"line":574,"column":7}},"218":{"start":{"line":573,"column":8},"end":{"line":573,"column":108}},"219":{"start":{"line":577,"column":4},"end":{"line":580,"column":5}},"220":{"start":{"line":578,"column":24},"end":{"line":578,"column":55}},"221":{"start":{"line":579,"column":6},"end":{"line":579,"column":29}},"222":{"start":{"line":583,"column":2},"end":{"line":583,"column":95}},"223":{"start":{"line":592,"column":33},"end":{"line":592,"column":86}},"224":{"start":{"line":594,"column":23},"end":{"line":594,"column":87}},"225":{"start":{"line":595,"column":2},"end":{"line":600,"column":3}},"226":{"start":{"line":596,"column":4},"end":{"line":598,"column":6}},"227":{"start":{"line":599,"column":4},"end":{"line":599,"column":11}},"228":{"start":{"line":603,"column":29},"end":{"line":603,"column":70}},"229":{"start":{"line":605,"column":28},"end":{"line":605,"column":68}},"230":{"start":{"line":606,"column":20},"end":{"line":606,"column":63}},"231":{"start":{"line":606,"column":57},"end":{"line":606,"column":61}},"232":{"start":{"line":609,"column":30},"end":{"line":611,"column":24}},"233":{"start":{"line":610,"column":39},"end":{"line":610,"column":71}},"234":{"start":{"line":612,"column":25},"end":{"line":612,"column":80}},"235":{"start":{"line":612,"column":59},"end":{"line":612,"column":79}},"236":{"start":{"line":614,"column":2},"end":{"line":617,"column":3}},"237":{"start":{"line":615,"column":4},"end":{"line":615,"column":101}},"238":{"start":{"line":616,"column":4},"end":{"line":616,"column":11}},"239":{"start":{"line":620,"column":21},"end":{"line":620,"column":22}},"240":{"start":{"line":621,"column":18},"end":{"line":621,"column":19}},"241":{"start":{"line":623,"column":2},"end":{"line":651,"column":3}},"242":{"start":{"line":624,"column":4},"end":{"line":650,"column":5}},"243":{"start":{"line":626,"column":26},"end":{"line":626,"column":52}},"244":{"start":{"line":627,"column":61},"end":{"line":630,"column":null}},"245":{"start":{"line":634,"column":6},"end":{"line":634,"column":90}},"246":{"start":{"line":637,"column":44},"end":{"line":641,"column":8}},"247":{"start":{"line":642,"column":6},"end":{"line":642,"column":59}},"248":{"start":{"line":644,"column":6},"end":{"line":644,"column":21}},"249":{"start":{"line":646,"column":6},"end":{"line":646,"column":18}},"250":{"start":{"line":647,"column":27},"end":{"line":647,"column":75}},"251":{"start":{"line":648,"column":6},"end":{"line":648,"column":107}},"252":{"start":{"line":653,"column":2},"end":{"line":653,"column":79}},"253":{"start":{"line":660,"column":2},"end":{"line":662,"column":3}},"254":{"start":{"line":661,"column":4},"end":{"line":661,"column":21}},"255":{"start":{"line":664,"column":16},"end":{"line":665,"column":null}},"256":{"start":{"line":665,"column":15},"end":{"line":665,"column":61}},"257":{"start":{"line":668,"column":2},"end":{"line":668,"column":25}},"258":{"start":{"line":672,"column":2},"end":{"line":674,"column":3}},"259":{"start":{"line":673,"column":4},"end":{"line":673,"column":16}},"260":{"start":{"line":676,"column":26},"end":{"line":676,"column":59}},"261":{"start":{"line":677,"column":2},"end":{"line":679,"column":3}},"262":{"start":{"line":678,"column":4},"end":{"line":678,"column":16}},"263":{"start":{"line":681,"column":2},"end":{"line":681,"column":15}},"264":{"start":{"line":685,"column":2},"end":{"line":687,"column":3}},"265":{"start":{"line":686,"column":4},"end":{"line":686,"column":14}},"266":{"start":{"line":689,"column":2},"end":{"line":693,"column":3}},"267":{"start":{"line":690,"column":4},"end":{"line":690,"column":49}},"268":{"start":{"line":692,"column":4},"end":{"line":692,"column":41}},"269":{"start":{"line":697,"column":2},"end":{"line":699,"column":3}},"270":{"start":{"line":698,"column":4},"end":{"line":698,"column":16}},"271":{"start":{"line":701,"column":21},"end":{"line":701,"column":33}},"272":{"start":{"line":702,"column":2},"end":{"line":702,"column":51}},"273":{"start":{"line":707,"column":23},"end":{"line":707,"column":77}},"274":{"start":{"line":708,"column":26},"end":{"line":708,"column":86}},"275":{"start":{"line":709,"column":26},"end":{"line":709,"column":98}},"276":{"start":{"line":711,"column":2},"end":{"line":714,"column":3}},"277":{"start":{"line":712,"column":4},"end":{"line":712,"column":79}},"278":{"start":{"line":713,"column":4},"end":{"line":713,"column":11}},"279":{"start":{"line":716,"column":2},"end":{"line":716,"column":76}},"280":{"start":{"line":721,"column":27},"end":{"line":721,"column":57}},"281":{"start":{"line":722,"column":2},"end":{"line":728,"column":3}},"282":{"start":{"line":723,"column":4},"end":{"line":727,"column":6}},"283":{"start":{"line":730,"column":21},"end":{"line":730,"column":72}},"284":{"start":{"line":731,"column":22},"end":{"line":731,"column":62}},"285":{"start":{"line":732,"column":23},"end":{"line":732,"column":74}},"286":{"start":{"line":733,"column":25},"end":{"line":733,"column":52}},"287":{"start":{"line":735,"column":2},"end":{"line":741,"column":3}},"288":{"start":{"line":736,"column":4},"end":{"line":740,"column":6}},"289":{"start":{"line":743,"column":2},"end":{"line":749,"column":3}},"290":{"start":{"line":744,"column":4},"end":{"line":748,"column":6}},"291":{"start":{"line":752,"column":2},"end":{"line":760,"column":3}},"292":{"start":{"line":753,"column":4},"end":{"line":753,"column":49}},"293":{"start":{"line":755,"column":4},"end":{"line":759,"column":6}},"294":{"start":{"line":762,"column":17},"end":{"line":762,"column":54}},"295":{"start":{"line":763,"column":2},"end":{"line":769,"column":3}},"296":{"start":{"line":764,"column":4},"end":{"line":768,"column":6}},"297":{"start":{"line":771,"column":2},"end":{"line":802,"column":3}},"298":{"start":{"line":772,"column":29},"end":{"line":772,"column":69}},"299":{"start":{"line":773,"column":29},"end":{"line":773,"column":69}},"300":{"start":{"line":774,"column":23},"end":{"line":780,"column":43}},"301":{"start":{"line":782,"column":4},"end":{"line":787,"column":6}},"302":{"start":{"line":789,"column":4},"end":{"line":793,"column":6}},"303":{"start":{"line":795,"column":20},"end":{"line":795,"column":74}},"304":{"start":{"line":796,"column":4},"end":{"line":796,"column":76}},"305":{"start":{"line":797,"column":4},"end":{"line":801,"column":6}}},"fnMap":{"0":{"name":"getStorageKey","decl":{"start":{"line":97,"column":9},"end":{"line":97,"column":22}},"loc":{"start":{"line":97,"column":43},"end":{"line":99,"column":1}}},"1":{"name":"getSyncedAttachments","decl":{"start":{"line":101,"column":22},"end":{"line":101,"column":42}},"loc":{"start":{"line":101,"column":63},"end":{"line":104,"column":1}}},"2":{"name":"addSyncedAttachment","decl":{"start":{"line":106,"column":22},"end":{"line":106,"column":41}},"loc":{"start":{"line":106,"column":92},"end":{"line":110,"column":1}}},"3":{"name":"getSourceConnectionConfig","decl":{"start":{"line":113,"column":9},"end":{"line":113,"column":34}},"loc":{"start":{"line":113,"column":34},"end":{"line":127,"column":1}}},"4":{"name":"toAbsoluteSourceUrl","decl":{"start":{"line":129,"column":9},"end":{"line":129,"column":28}},"loc":{"start":{"line":129,"column":67},"end":{"line":149,"column":1}}},"5":{"name":"stripAttachmentPrefix","decl":{"start":{"line":151,"column":9},"end":{"line":151,"column":30}},"loc":{"start":{"line":151,"column":51},"end":{"line":153,"column":1}}},"6":{"name":"toggleWikiPrefixInPath","decl":{"start":{"line":155,"column":9},"end":{"line":155,"column":31}},"loc":{"start":{"line":155,"column":44},"end":{"line":165,"column":1}}},"7":{"name":"maybeEncodePath","decl":{"start":{"line":167,"column":9},"end":{"line":167,"column":24}},"loc":{"start":{"line":167,"column":42},"end":{"line":178,"column":1}}},"8":{"name":"(anonymous_17)","decl":{"start":{"line":172,"column":11},"end":{"line":172,"column":12}},"loc":{"start":{"line":172,"column":24},"end":{"line":172,"column":71}}},"9":{"name":"buildSourceDownloadCandidateUrls","decl":{"start":{"line":180,"column":9},"end":{"line":180,"column":41}},"loc":{"start":{"line":184,"column":23},"end":{"line":226,"column":1}}},"10":{"name":"listSourceAttachmentsViaApp","decl":{"start":{"line":228,"column":15},"end":{"line":228,"column":42}},"loc":{"start":{"line":228,"column":63},"end":{"line":255,"column":1}}},"11":{"name":"listSourceAttachmentsViaExternal","decl":{"start":{"line":257,"column":15},"end":{"line":257,"column":47}},"loc":{"start":{"line":260,"column":20},"end":{"line":290,"column":1}}},"12":{"name":"listSourceAttachments","decl":{"start":{"line":292,"column":22},"end":{"line":292,"column":43}},"loc":{"start":{"line":292,"column":64},"end":{"line":299,"column":1}}},"13":{"name":"downloadAttachment","decl":{"start":{"line":301,"column":22},"end":{"line":301,"column":40}},"loc":{"start":{"line":304,"column":23},"end":{"line":354,"column":1}}},"14":{"name":"normalizeText","decl":{"start":{"line":370,"column":9},"end":{"line":370,"column":22}},"loc":{"start":{"line":370,"column":36},"end":{"line":372,"column":1}}},"15":{"name":"findMatchingTargetPageId","decl":{"start":{"line":374,"column":22},"end":{"line":374,"column":46}},"loc":{"start":{"line":374,"column":91},"end":{"line":426,"column":1}}},"16":{"name":"(anonymous_25)","decl":{"start":{"line":409,"column":33},"end":{"line":409,"column":34}},"loc":{"start":{"line":410,"column":4},"end":{"line":411,"column":68}}},"17":{"name":"getSourcePageMetadata","decl":{"start":{"line":428,"column":22},"end":{"line":428,"column":43}},"loc":{"start":{"line":428,"column":58},"end":{"line":480,"column":1}}},"18":{"name":"buildBasicAuthHeader","decl":{"start":{"line":489,"column":9},"end":{"line":489,"column":29}},"loc":{"start":{"line":489,"column":61},"end":{"line":492,"column":1}}},"19":{"name":"sanitizeFilename","decl":{"start":{"line":494,"column":9},"end":{"line":494,"column":25}},"loc":{"start":{"line":494,"column":42},"end":{"line":496,"column":1}}},"20":{"name":"buildMultipartBody","decl":{"start":{"line":498,"column":9},"end":{"line":498,"column":27}},"loc":{"start":{"line":501,"column":21},"end":{"line":520,"column":1}}},"21":{"name":"sleep","decl":{"start":{"line":522,"column":15},"end":{"line":522,"column":20}},"loc":{"start":{"line":522,"column":31},"end":{"line":524,"column":1}}},"22":{"name":"(anonymous_31)","decl":{"start":{"line":523,"column":21},"end":{"line":523,"column":22}},"loc":{"start":{"line":523,"column":34},"end":{"line":523,"column":57}}},"23":{"name":"uploadToTarget","decl":{"start":{"line":526,"column":22},"end":{"line":526,"column":36}},"loc":{"start":{"line":530,"column":21},"end":{"line":584,"column":1}}},"24":{"name":"syncPageAttachments","decl":{"start":{"line":586,"column":22},"end":{"line":586,"column":41}},"loc":{"start":{"line":590,"column":26},"end":{"line":654,"column":1}}},"25":{"name":"(anonymous_34)","decl":{"start":{"line":606,"column":50},"end":{"line":606,"column":51}},"loc":{"start":{"line":606,"column":57},"end":{"line":606,"column":61}}},"26":{"name":"(anonymous_35)","decl":{"start":{"line":610,"column":32},"end":{"line":610,"column":33}},"loc":{"start":{"line":610,"column":39},"end":{"line":610,"column":71}}},"27":{"name":"(anonymous_36)","decl":{"start":{"line":612,"column":52},"end":{"line":612,"column":53}},"loc":{"start":{"line":612,"column":59},"end":{"line":612,"column":79}}},"28":{"name":"getFirstHeaderValue","decl":{"start":{"line":656,"column":9},"end":{"line":656,"column":28}},"loc":{"start":{"line":658,"column":20},"end":{"line":669,"column":1}}},"29":{"name":"(anonymous_38)","decl":{"start":{"line":665,"column":4},"end":{"line":665,"column":5}},"loc":{"start":{"line":665,"column":15},"end":{"line":665,"column":61}}},"30":{"name":"getBearerTokenFromAuthHeader","decl":{"start":{"line":671,"column":9},"end":{"line":671,"column":37}},"loc":{"start":{"line":671,"column":68},"end":{"line":682,"column":1}}},"31":{"name":"parseWebTriggerPayload","decl":{"start":{"line":684,"column":9},"end":{"line":684,"column":31}},"loc":{"start":{"line":684,"column":56},"end":{"line":694,"column":1}}},"32":{"name":"normalizeOptionalText","decl":{"start":{"line":696,"column":9},"end":{"line":696,"column":30}},"loc":{"start":{"line":696,"column":56},"end":{"line":703,"column":1}}},"33":{"name":"handler","decl":{"start":{"line":706,"column":22},"end":{"line":706,"column":29}},"loc":{"start":{"line":706,"column":49},"end":{"line":717,"column":1}}},"34":{"name":"webTrigger","decl":{"start":{"line":720,"column":22},"end":{"line":720,"column":32}},"loc":{"start":{"line":720,"column":57},"end":{"line":803,"column":1}}}},"branchMap":{"0":{"loc":{"start":{"line":103,"column":9},"end":{"line":103,"column":21}},"type":"binary-expr","locations":[{"start":{"line":103,"column":9},"end":{"line":103,"column":15}},{"start":{"line":103,"column":19},"end":{"line":103,"column":21}}]},"1":{"loc":{"start":{"line":118,"column":2},"end":{"line":124,"column":3}},"type":"if","locations":[{"start":{"line":118,"column":2},"end":{"line":124,"column":3}},{"start":{},"end":{}}]},"2":{"loc":{"start":{"line":118,"column":6},"end":{"line":118,"column":52}},"type":"binary-expr","locations":[{"start":{"line":118,"column":6},"end":{"line":118,"column":19}},{"start":{"line":118,"column":23},"end":{"line":118,"column":34}},{"start":{"line":118,"column":38},"end":{"line":118,"column":52}}]},"3":{"loc":{"start":{"line":130,"column":2},"end":{"line":132,"column":3}},"type":"if","locations":[{"start":{"line":130,"column":2},"end":{"line":132,"column":3}},{"start":{},"end":{}}]},"4":{"loc":{"start":{"line":136,"column":23},"end":{"line":136,"column":78}},"type":"cond-expr","locations":[{"start":{"line":136,"column":51},"end":{"line":136,"column":60}},{"start":{"line":136,"column":63},"end":{"line":136,"column":78}}]},"5":{"loc":{"start":{"line":140,"column":2},"end":{"line":142,"column":3}},"type":"if","locations":[{"start":{"line":140,"column":2},"end":{"line":142,"column":3}},{"start":{},"end":{}}]},"6":{"loc":{"start":{"line":140,"column":6},"end":{"line":140,"column":84}},"type":"binary-expr","locations":[{"start":{"line":140,"column":6},"end":{"line":140,"column":45}},{"start":{"line":140,"column":49},"end":{"line":140,"column":84}}]},"7":{"loc":{"start":{"line":144,"column":2},"end":{"line":146,"column":3}},"type":"if","locations":[{"start":{"line":144,"column":2},"end":{"line":146,"column":3}},{"start":{},"end":{}}]},"8":{"loc":{"start":{"line":144,"column":6},"end":{"line":144,"column":61}},"type":"binary-expr","locations":[{"start":{"line":144,"column":6},"end":{"line":144,"column":22}},{"start":{"line":144,"column":26},"end":{"line":144,"column":61}}]},"9":{"loc":{"start":{"line":152,"column":9},"end":{"line":152,"column":78}},"type":"cond-expr","locations":[{"start":{"line":152,"column":42},"end":{"line":152,"column":63}},{"start":{"line":152,"column":66},"end":{"line":152,"column":78}}]},"10":{"loc":{"start":{"line":156,"column":2},"end":{"line":158,"column":3}},"type":"if","locations":[{"start":{"line":156,"column":2},"end":{"line":158,"column":3}},{"start":{},"end":{}}]},"11":{"loc":{"start":{"line":160,"column":2},"end":{"line":162,"column":3}},"type":"if","locations":[{"start":{"line":160,"column":2},"end":{"line":162,"column":3}},{"start":{},"end":{}}]},"12":{"loc":{"start":{"line":192,"column":4},"end":{"line":196,"column":5}},"type":"if","locations":[{"start":{"line":192,"column":4},"end":{"line":196,"column":5}},{"start":{},"end":{}}]},"13":{"loc":{"start":{"line":201,"column":2},"end":{"line":223,"column":3}},"type":"if","locations":[{"start":{"line":201,"column":2},"end":{"line":223,"column":3}},{"start":{},"end":{}}]},"14":{"loc":{"start":{"line":206,"column":4},"end":{"line":208,"column":5}},"type":"if","locations":[{"start":{"line":206,"column":4},"end":{"line":208,"column":5}},{"start":{},"end":{}}]},"15":{"loc":{"start":{"line":211,"column":4},"end":{"line":213,"column":5}},"type":"if","locations":[{"start":{"line":211,"column":4},"end":{"line":213,"column":5}},{"start":{},"end":{}}]},"16":{"loc":{"start":{"line":215,"column":4},"end":{"line":222,"column":5}},"type":"if","locations":[{"start":{"line":215,"column":4},"end":{"line":222,"column":5}},{"start":{},"end":{}}]},"17":{"loc":{"start":{"line":233,"column":9},"end":{"line":233,"column":34}},"type":"binary-expr","locations":[{"start":{"line":233,"column":9},"end":{"line":233,"column":23}},{"start":{"line":233,"column":27},"end":{"line":233,"column":34}}]},"18":{"loc":{"start":{"line":236,"column":25},"end":{"line":238,"column":92}},"type":"cond-expr","locations":[{"start":{"line":237,"column":8},"end":{"line":237,"column":35}},{"start":{"line":238,"column":8},"end":{"line":238,"column":92}}]},"19":{"loc":{"start":{"line":241,"column":4},"end":{"line":245,"column":5}},"type":"if","locations":[{"start":{"line":241,"column":4},"end":{"line":245,"column":5}},{"start":{},"end":{}}]},"20":{"loc":{"start":{"line":251,"column":14},"end":{"line":251,"column":39}},"type":"binary-expr","locations":[{"start":{"line":251,"column":14},"end":{"line":251,"column":31}},{"start":{"line":251,"column":35},"end":{"line":251,"column":39}}]},"21":{"loc":{"start":{"line":266,"column":9},"end":{"line":266,"column":34}},"type":"binary-expr","locations":[{"start":{"line":266,"column":9},"end":{"line":266,"column":23}},{"start":{"line":266,"column":27},"end":{"line":266,"column":34}}]},"22":{"loc":{"start":{"line":268,"column":23},"end":{"line":268,"column":123}},"type":"binary-expr","locations":[{"start":{"line":268,"column":23},"end":{"line":268,"column":30}},{"start":{"line":268,"column":34},"end":{"line":268,"column":123}}]},"23":{"loc":{"start":{"line":278,"column":4},"end":{"line":282,"column":5}},"type":"if","locations":[{"start":{"line":278,"column":4},"end":{"line":282,"column":5}},{"start":{},"end":{}}]},"24":{"loc":{"start":{"line":286,"column":14},"end":{"line":286,"column":87}},"type":"cond-expr","locations":[{"start":{"line":286,"column":34},"end":{"line":286,"column":80}},{"start":{"line":286,"column":83},"end":{"line":286,"column":87}}]},"25":{"loc":{"start":{"line":294,"column":2},"end":{"line":296,"column":3}},"type":"if","locations":[{"start":{"line":294,"column":2},"end":{"line":296,"column":3}},{"start":{},"end":{}}]},"26":{"loc":{"start":{"line":294,"column":6},"end":{"line":294,"column":89}},"type":"binary-expr","locations":[{"start":{"line":294,"column":6},"end":{"line":294,"column":38}},{"start":{"line":294,"column":42},"end":{"line":294,"column":62}},{"start":{"line":294,"column":66},"end":{"line":294,"column":89}}]},"27":{"loc":{"start":{"line":307,"column":2},"end":{"line":344,"column":3}},"type":"if","locations":[{"start":{"line":307,"column":2},"end":{"line":344,"column":3}},{"start":{},"end":{}}]},"28":{"loc":{"start":{"line":307,"column":6},"end":{"line":307,"column":89}},"type":"binary-expr","locations":[{"start":{"line":307,"column":6},"end":{"line":307,"column":38}},{"start":{"line":307,"column":42},"end":{"line":307,"column":62}},{"start":{"line":307,"column":66},"end":{"line":307,"column":89}}]},"29":{"loc":{"start":{"line":326,"column":6},"end":{"line":330,"column":7}},"type":"if","locations":[{"start":{"line":326,"column":6},"end":{"line":330,"column":7}},{"start":{},"end":{}}]},"30":{"loc":{"start":{"line":327,"column":28},"end":{"line":327,"column":94}},"type":"binary-expr","locations":[{"start":{"line":327,"column":28},"end":{"line":327,"column":64}},{"start":{"line":327,"column":68},"end":{"line":327,"column":94}}]},"31":{"loc":{"start":{"line":335,"column":6},"end":{"line":337,"column":7}},"type":"if","locations":[{"start":{"line":335,"column":6},"end":{"line":337,"column":7}},{"start":{},"end":{}}]},"32":{"loc":{"start":{"line":341,"column":24},"end":{"line":341,"column":64}},"type":"cond-expr","locations":[{"start":{"line":341,"column":40},"end":{"line":341,"column":59}},{"start":{"line":341,"column":62},"end":{"line":341,"column":64}}]},"33":{"loc":{"start":{"line":342,"column":22},"end":{"line":342,"column":80}},"type":"cond-expr","locations":[{"start":{"line":342,"column":41},"end":{"line":342,"column":75}},{"start":{"line":342,"column":78},"end":{"line":342,"column":80}}]},"34":{"loc":{"start":{"line":343,"column":54},"end":{"line":343,"column":77}},"type":"binary-expr","locations":[{"start":{"line":343,"column":54},"end":{"line":343,"column":64}},{"start":{"line":343,"column":68},"end":{"line":343,"column":77}}]},"35":{"loc":{"start":{"line":347,"column":2},"end":{"line":349,"column":3}},"type":"if","locations":[{"start":{"line":347,"column":2},"end":{"line":349,"column":3}},{"start":{},"end":{}}]},"36":{"loc":{"start":{"line":351,"column":22},"end":{"line":351,"column":88}},"type":"binary-expr","locations":[{"start":{"line":351,"column":22},"end":{"line":351,"column":58}},{"start":{"line":351,"column":62},"end":{"line":351,"column":88}}]},"37":{"loc":{"start":{"line":375,"column":24},"end":{"line":375,"column":78}},"type":"binary-expr","locations":[{"start":{"line":375,"column":24},"end":{"line":375,"column":51}},{"start":{"line":375,"column":55},"end":{"line":375,"column":78}}]},"38":{"loc":{"start":{"line":379,"column":2},"end":{"line":381,"column":3}},"type":"if","locations":[{"start":{"line":379,"column":2},"end":{"line":381,"column":3}},{"start":{},"end":{}}]},"39":{"loc":{"start":{"line":379,"column":6},"end":{"line":379,"column":37}},"type":"binary-expr","locations":[{"start":{"line":379,"column":6},"end":{"line":379,"column":18}},{"start":{"line":379,"column":22},"end":{"line":379,"column":37}}]},"40":{"loc":{"start":{"line":400,"column":2},"end":{"line":403,"column":3}},"type":"if","locations":[{"start":{"line":400,"column":2},"end":{"line":403,"column":3}},{"start":{},"end":{}}]},"41":{"loc":{"start":{"line":406,"column":18},"end":{"line":406,"column":36}},"type":"binary-expr","locations":[{"start":{"line":406,"column":18},"end":{"line":406,"column":30}},{"start":{"line":406,"column":34},"end":{"line":406,"column":36}}]},"42":{"loc":{"start":{"line":410,"column":4},"end":{"line":411,"column":68}},"type":"binary-expr","locations":[{"start":{"line":410,"column":4},"end":{"line":410,"column":55}},{"start":{"line":411,"column":7},"end":{"line":411,"column":68}}]},"43":{"loc":{"start":{"line":410,"column":18},"end":{"line":410,"column":34}},"type":"binary-expr","locations":[{"start":{"line":410,"column":18},"end":{"line":410,"column":28}},{"start":{"line":410,"column":32},"end":{"line":410,"column":34}}]},"44":{"loc":{"start":{"line":411,"column":21},"end":{"line":411,"column":43}},"type":"binary-expr","locations":[{"start":{"line":411,"column":21},"end":{"line":411,"column":37}},{"start":{"line":411,"column":41},"end":{"line":411,"column":43}}]},"45":{"loc":{"start":{"line":414,"column":2},"end":{"line":416,"column":3}},"type":"if","locations":[{"start":{"line":414,"column":2},"end":{"line":416,"column":3}},{"start":{},"end":{}}]},"46":{"loc":{"start":{"line":418,"column":2},"end":{"line":423,"column":3}},"type":"if","locations":[{"start":{"line":418,"column":2},"end":{"line":423,"column":3}},{"start":{},"end":{}}]},"47":{"loc":{"start":{"line":430,"column":19},"end":{"line":438,"column":78}},"type":"cond-expr","locations":[{"start":{"line":431,"column":6},"end":{"line":437,"column":6}},{"start":{"line":438,"column":6},"end":{"line":438,"column":78}}]},"48":{"loc":{"start":{"line":430,"column":19},"end":{"line":430,"column":102}},"type":"binary-expr","locations":[{"start":{"line":430,"column":19},"end":{"line":430,"column":51}},{"start":{"line":430,"column":55},"end":{"line":430,"column":75}},{"start":{"line":430,"column":79},"end":{"line":430,"column":102}}]},"49":{"loc":{"start":{"line":440,"column":2},"end":{"line":443,"column":3}},"type":"if","locations":[{"start":{"line":440,"column":2},"end":{"line":443,"column":3}},{"start":{},"end":{}}]},"50":{"loc":{"start":{"line":449,"column":2},"end":{"line":451,"column":3}},"type":"if","locations":[{"start":{"line":449,"column":2},"end":{"line":451,"column":3}},{"start":{},"end":{}}]},"51":{"loc":{"start":{"line":449,"column":6},"end":{"line":449,"column":24}},"type":"binary-expr","locations":[{"start":{"line":449,"column":6},"end":{"line":449,"column":12}},{"start":{"line":449,"column":16},"end":{"line":449,"column":24}}]},"52":{"loc":{"start":{"line":453,"column":24},"end":{"line":461,"column":80}},"type":"cond-expr","locations":[{"start":{"line":454,"column":6},"end":{"line":460,"column":6}},{"start":{"line":461,"column":6},"end":{"line":461,"column":80}}]},"53":{"loc":{"start":{"line":453,"column":24},"end":{"line":453,"column":107}},"type":"binary-expr","locations":[{"start":{"line":453,"column":24},"end":{"line":453,"column":56}},{"start":{"line":453,"column":60},"end":{"line":453,"column":80}},{"start":{"line":453,"column":84},"end":{"line":453,"column":107}}]},"54":{"loc":{"start":{"line":463,"column":2},"end":{"line":466,"column":3}},"type":"if","locations":[{"start":{"line":463,"column":2},"end":{"line":466,"column":3}},{"start":{},"end":{}}]},"55":{"loc":{"start":{"line":471,"column":2},"end":{"line":473,"column":3}},"type":"if","locations":[{"start":{"line":471,"column":2},"end":{"line":473,"column":3}},{"start":{},"end":{}}]},"56":{"loc":{"start":{"line":532,"column":24},"end":{"line":532,"column":78}},"type":"binary-expr","locations":[{"start":{"line":532,"column":24},"end":{"line":532,"column":51}},{"start":{"line":532,"column":55},"end":{"line":532,"column":78}}]},"57":{"loc":{"start":{"line":536,"column":2},"end":{"line":538,"column":3}},"type":"if","locations":[{"start":{"line":536,"column":2},"end":{"line":538,"column":3}},{"start":{},"end":{}}]},"58":{"loc":{"start":{"line":536,"column":6},"end":{"line":536,"column":37}},"type":"binary-expr","locations":[{"start":{"line":536,"column":6},"end":{"line":536,"column":18}},{"start":{"line":536,"column":22},"end":{"line":536,"column":37}}]},"59":{"loc":{"start":{"line":561,"column":6},"end":{"line":563,"column":7}},"type":"if","locations":[{"start":{"line":561,"column":6},"end":{"line":563,"column":7}},{"start":{},"end":{}}]},"60":{"loc":{"start":{"line":567,"column":6},"end":{"line":569,"column":7}},"type":"if","locations":[{"start":{"line":567,"column":6},"end":{"line":569,"column":7}},{"start":{},"end":{}}]},"61":{"loc":{"start":{"line":571,"column":18},"end":{"line":571,"column":69}},"type":"cond-expr","locations":[{"start":{"line":571,"column":41},"end":{"line":571,"column":44}},{"start":{"line":571,"column":47},"end":{"line":571,"column":69}}]},"62":{"loc":{"start":{"line":572,"column":6},"end":{"line":574,"column":7}},"type":"if","locations":[{"start":{"line":572,"column":6},"end":{"line":574,"column":7}},{"start":{},"end":{}}]},"63":{"loc":{"start":{"line":577,"column":4},"end":{"line":580,"column":5}},"type":"if","locations":[{"start":{"line":577,"column":4},"end":{"line":580,"column":5}},{"start":{},"end":{}}]},"64":{"loc":{"start":{"line":583,"column":8},"end":{"line":583,"column":94}},"type":"binary-expr","locations":[{"start":{"line":583,"column":8},"end":{"line":583,"column":17}},{"start":{"line":583,"column":21},"end":{"line":583,"column":94}}]},"65":{"loc":{"start":{"line":592,"column":33},"end":{"line":592,"column":86}},"type":"cond-expr","locations":[{"start":{"line":592,"column":57},"end":{"line":592,"column":79}},{"start":{"line":592,"column":82},"end":{"line":592,"column":86}}]},"66":{"loc":{"start":{"line":595,"column":2},"end":{"line":600,"column":3}},"type":"if","locations":[{"start":{"line":595,"column":2},"end":{"line":600,"column":3}},{"start":{},"end":{}}]},"67":{"loc":{"start":{"line":609,"column":30},"end":{"line":611,"column":24}},"type":"cond-expr","locations":[{"start":{"line":610,"column":6},"end":{"line":610,"column":72}},{"start":{"line":611,"column":6},"end":{"line":611,"column":24}}]},"68":{"loc":{"start":{"line":614,"column":2},"end":{"line":617,"column":3}},"type":"if","locations":[{"start":{"line":614,"column":2},"end":{"line":617,"column":3}},{"start":{},"end":{}}]},"69":{"loc":{"start":{"line":647,"column":27},"end":{"line":647,"column":75}},"type":"cond-expr","locations":[{"start":{"line":647,"column":50},"end":{"line":647,"column":61}},{"start":{"line":647,"column":64},"end":{"line":647,"column":75}}]},"70":{"loc":{"start":{"line":660,"column":2},"end":{"line":662,"column":3}},"type":"if","locations":[{"start":{"line":660,"column":2},"end":{"line":662,"column":3}},{"start":{},"end":{}}]},"71":{"loc":{"start":{"line":672,"column":2},"end":{"line":674,"column":3}},"type":"if","locations":[{"start":{"line":672,"column":2},"end":{"line":674,"column":3}},{"start":{},"end":{}}]},"72":{"loc":{"start":{"line":677,"column":2},"end":{"line":679,"column":3}},"type":"if","locations":[{"start":{"line":677,"column":2},"end":{"line":679,"column":3}},{"start":{},"end":{}}]},"73":{"loc":{"start":{"line":677,"column":6},"end":{"line":677,"column":50}},"type":"binary-expr","locations":[{"start":{"line":677,"column":6},"end":{"line":677,"column":40}},{"start":{"line":677,"column":44},"end":{"line":677,"column":50}}]},"74":{"loc":{"start":{"line":685,"column":2},"end":{"line":687,"column":3}},"type":"if","locations":[{"start":{"line":685,"column":2},"end":{"line":687,"column":3}},{"start":{},"end":{}}]},"75":{"loc":{"start":{"line":697,"column":2},"end":{"line":699,"column":3}},"type":"if","locations":[{"start":{"line":697,"column":2},"end":{"line":699,"column":3}},{"start":{},"end":{}}]},"76":{"loc":{"start":{"line":702,"column":9},"end":{"line":702,"column":50}},"type":"cond-expr","locations":[{"start":{"line":702,"column":33},"end":{"line":702,"column":43}},{"start":{"line":702,"column":46},"end":{"line":702,"column":50}}]},"77":{"loc":{"start":{"line":707,"column":23},"end":{"line":707,"column":77}},"type":"binary-expr","locations":[{"start":{"line":707,"column":23},"end":{"line":707,"column":41}},{"start":{"line":707,"column":45},"end":{"line":707,"column":77}}]},"78":{"loc":{"start":{"line":708,"column":26},"end":{"line":708,"column":86}},"type":"binary-expr","locations":[{"start":{"line":708,"column":26},"end":{"line":708,"column":47}},{"start":{"line":708,"column":51},"end":{"line":708,"column":86}}]},"79":{"loc":{"start":{"line":709,"column":26},"end":{"line":709,"column":98}},"type":"binary-expr","locations":[{"start":{"line":709,"column":26},"end":{"line":709,"column":53}},{"start":{"line":709,"column":57},"end":{"line":709,"column":98}}]},"80":{"loc":{"start":{"line":711,"column":2},"end":{"line":714,"column":3}},"type":"if","locations":[{"start":{"line":711,"column":2},"end":{"line":714,"column":3}},{"start":{},"end":{}}]},"81":{"loc":{"start":{"line":711,"column":6},"end":{"line":711,"column":59}},"type":"binary-expr","locations":[{"start":{"line":711,"column":6},"end":{"line":711,"column":19}},{"start":{"line":711,"column":23},"end":{"line":711,"column":39}},{"start":{"line":711,"column":43},"end":{"line":711,"column":59}}]},"82":{"loc":{"start":{"line":722,"column":2},"end":{"line":728,"column":3}},"type":"if","locations":[{"start":{"line":722,"column":2},"end":{"line":728,"column":3}},{"start":{},"end":{}}]},"83":{"loc":{"start":{"line":733,"column":25},"end":{"line":733,"column":52}},"type":"binary-expr","locations":[{"start":{"line":733,"column":25},"end":{"line":733,"column":36}},{"start":{"line":733,"column":40},"end":{"line":733,"column":52}}]},"84":{"loc":{"start":{"line":735,"column":2},"end":{"line":741,"column":3}},"type":"if","locations":[{"start":{"line":735,"column":2},"end":{"line":741,"column":3}},{"start":{},"end":{}}]},"85":{"loc":{"start":{"line":743,"column":2},"end":{"line":749,"column":3}},"type":"if","locations":[{"start":{"line":743,"column":2},"end":{"line":749,"column":3}},{"start":{},"end":{}}]},"86":{"loc":{"start":{"line":758,"column":49},"end":{"line":758,"column":107}},"type":"cond-expr","locations":[{"start":{"line":758,"column":74},"end":{"line":758,"column":87}},{"start":{"line":758,"column":90},"end":{"line":758,"column":107}}]},"87":{"loc":{"start":{"line":763,"column":2},"end":{"line":769,"column":3}},"type":"if","locations":[{"start":{"line":763,"column":2},"end":{"line":769,"column":3}},{"start":{},"end":{}}]},"88":{"loc":{"start":{"line":774,"column":23},"end":{"line":780,"column":43}},"type":"cond-expr","locations":[{"start":{"line":775,"column":8},"end":{"line":779,"column":null}},{"start":{"line":780,"column":8},"end":{"line":780,"column":43}}]},"89":{"loc":{"start":{"line":774,"column":23},"end":{"line":774,"column":59}},"type":"binary-expr","locations":[{"start":{"line":774,"column":23},"end":{"line":774,"column":39}},{"start":{"line":774,"column":43},"end":{"line":774,"column":59}}]},"90":{"loc":{"start":{"line":795,"column":20},"end":{"line":795,"column":74}},"type":"cond-expr","locations":[{"start":{"line":795,"column":45},"end":{"line":795,"column":58}},{"start":{"line":795,"column":61},"end":{"line":795,"column":74}}]}},"s":{"0":2,"1":2,"2":2,"3":2,"4":2,"5":2,"6":2,"7":2,"8":2,"9":2,"10":2,"11":2,"12":2,"13":2,"14":2,"15":2,"16":32,"17":24,"18":24,"19":8,"20":8,"21":8,"22":22,"23":22,"24":22,"25":22,"26":0,"27":22,"28":0,"29":0,"30":0,"31":0,"32":0,"33":0,"34":0,"35":0,"36":0,"37":0,"38":0,"39":0,"40":0,"41":0,"42":0,"43":0,"44":0,"45":0,"46":0,"47":0,"48":0,"49":0,"50":0,"51":0,"52":0,"53":0,"54":0,"55":0,"56":0,"57":0,"58":0,"59":0,"60":0,"61":0,"62":0,"63":0,"64":0,"65":0,"66":0,"67":0,"68":0,"69":0,"70":0,"71":12,"72":12,"73":12,"74":12,"75":12,"76":12,"77":12,"78":12,"79":1,"80":1,"81":1,"82":11,"83":11,"84":11,"85":11,"86":0,"87":0,"88":0,"89":0,"90":0,"91":0,"92":0,"93":0,"94":0,"95":0,"96":0,"97":0,"98":0,"99":0,"100":0,"101":12,"102":12,"103":0,"104":12,"105":9,"106":9,"107":0,"108":0,"109":0,"110":0,"111":0,"112":0,"113":0,"114":0,"115":0,"116":0,"117":0,"118":0,"119":0,"120":0,"121":0,"122":0,"123":0,"124":0,"125":9,"126":9,"127":2,"128":7,"129":7,"130":7,"131":42,"132":11,"133":11,"134":11,"135":11,"136":0,"137":11,"138":11,"139":11,"140":11,"141":11,"142":0,"143":0,"144":11,"145":11,"146":11,"147":11,"148":11,"149":10,"150":11,"151":1,"152":10,"153":0,"154":0,"155":10,"156":1,"157":1,"158":1,"159":0,"160":0,"161":1,"162":1,"163":1,"164":1,"165":0,"166":1,"167":1,"168":0,"169":0,"170":1,"171":1,"172":1,"173":0,"174":1,"175":2,"176":2,"177":2,"178":20,"179":20,"180":11,"181":11,"182":11,"183":11,"184":11,"185":11,"186":11,"187":11,"188":11,"189":11,"190":11,"191":11,"192":2,"193":2,"194":10,"195":10,"196":10,"197":10,"198":1,"199":9,"200":9,"201":9,"202":9,"203":9,"204":11,"205":11,"206":11,"207":11,"208":11,"209":11,"210":11,"211":8,"212":3,"213":3,"214":3,"215":1,"216":0,"217":0,"218":0,"219":3,"220":2,"221":2,"222":1,"223":11,"224":11,"225":11,"226":1,"227":1,"228":10,"229":10,"230":10,"231":3,"232":10,"233":0,"234":10,"235":12,"236":10,"237":4,"238":4,"239":6,"240":6,"241":6,"242":9,"243":9,"244":9,"245":7,"246":7,"247":7,"248":7,"249":2,"250":2,"251":2,"252":6,"253":10,"254":0,"255":10,"256":8,"257":10,"258":5,"259":3,"260":2,"261":2,"262":0,"263":2,"264":3,"265":0,"266":3,"267":3,"268":0,"269":7,"270":3,"271":4,"272":4,"273":11,"274":11,"275":11,"276":11,"277":2,"278":2,"279":9,"280":5,"281":5,"282":0,"283":5,"284":5,"285":5,"286":5,"287":5,"288":1,"289":4,"290":1,"291":3,"292":3,"293":0,"294":3,"295":3,"296":1,"297":2,"298":2,"299":2,"300":2,"301":2,"302":2,"303":0,"304":0,"305":0},"f":{"0":32,"1":24,"2":8,"3":22,"4":0,"5":0,"6":0,"7":0,"8":0,"9":0,"10":12,"11":0,"12":12,"13":9,"14":42,"15":11,"16":10,"17":1,"18":20,"19":11,"20":11,"21":2,"22":2,"23":10,"24":11,"25":3,"26":0,"27":12,"28":10,"29":8,"30":5,"31":3,"32":7,"33":11,"34":5},"b":{"0":[24,12],"1":[0,22],"2":[22,0,0],"3":[0,0],"4":[0,0],"5":[0,0],"6":[0,0],"7":[0,0],"8":[0,0],"9":[0,0],"10":[0,0],"11":[0,0],"12":[0,0],"13":[0,0],"14":[0,0],"15":[0,0],"16":[0,0],"17":[23,11],"18":[0,12],"19":[1,11],"20":[11,11],"21":[0,0],"22":[0,0],"23":[0,0],"24":[0,0],"25":[0,12],"26":[12,0,0],"27":[0,9],"28":[9,0,0],"29":[0,0],"30":[0,0],"31":[0,0],"32":[0,0],"33":[0,0],"34":[0,0],"35":[2,7],"36":[7,0],"37":[11,0],"38":[0,11],"39":[11,11],"40":[0,11],"41":[11,0],"42":[10,10],"43":[10,0],"44":[10,0],"45":[1,10],"46":[0,10],"47":[0,1],"48":[1,0,0],"49":[0,1],"50":[0,1],"51":[1,1],"52":[0,1],"53":[1,0,0],"54":[0,1],"55":[0,1],"56":[10,0],"57":[1,9],"58":[10,9],"59":[8,3],"60":[1,2],"61":[0,0],"62":[0,0],"63":[2,1],"64":[1,0],"65":[0,11],"66":[1,10],"67":[0,10],"68":[4,6],"69":[2,0],"70":[0,10],"71":[3,2],"72":[0,2],"73":[2,2],"74":[0,3],"75":[3,4],"76":[4,0],"77":[11,2],"78":[11,2],"79":[11,2],"80":[2,9],"81":[11,9,9],"82":[0,5],"83":[5,3],"84":[1,4],"85":[1,3],"86":[0,0],"87":[1,2],"88":[1,1],"89":[2,1],"90":[0,0]}}
}
