TN:
SF:src/index.ts
FN:1,(anonymous_0)
FN:1,(anonymous_1)
FNF:2
FNH:0
FNDA:0,(anonymous_0)
FNDA:0,(anonymous_1)
DA:1,0
LF:1
LH:0
BRF:0
BRH:0
end_of_record
TN:
SF:src/resolvers/index.ts
FN:97,getStorageKey
FN:101,getSyncedAttachments
FN:106,addSyncedAttachment
FN:113,getSourceConnectionConfig
FN:129,toAbsoluteSourceUrl
FN:151,stripAttachmentPrefix
FN:155,toggleWikiPrefixInPath
FN:167,maybeEncodePath
FN:172,(anonymous_17)
FN:180,buildSourceDownloadCandidateUrls
FN:228,listSourceAttachmentsViaApp
FN:257,listSourceAttachmentsViaExternal
FN:292,listSourceAttachments
FN:301,downloadAttachment
FN:370,normalizeText
FN:374,findMatchingTargetPageId
FN:409,(anonymous_25)
FN:428,getSourcePageMetadata
FN:489,buildBasicAuthHeader
FN:494,sanitizeFilename
FN:498,buildMultipartBody
FN:522,sleep
FN:523,(anonymous_31)
FN:526,uploadToTarget
FN:586,syncPageAttachments
FN:606,(anonymous_34)
FN:610,(anonymous_35)
FN:612,(anonymous_36)
FN:656,getFirstHeaderValue
FN:665,(anonymous_38)
FN:671,getBearerTokenFromAuthHeader
FN:684,parseWebTriggerPayload
FN:696,normalizeOptionalText
FN:706,handler
FN:720,webTrigger
FNF:35
FNH:27
FNDA:32,getStorageKey
FNDA:24,getSyncedAttachments
FNDA:8,addSyncedAttachment
FNDA:22,getSourceConnectionConfig
FNDA:0,toAbsoluteSourceUrl
FNDA:0,stripAttachmentPrefix
FNDA:0,toggleWikiPrefixInPath
FNDA:0,maybeEncodePath
FNDA:0,(anonymous_17)
FNDA:0,buildSourceDownloadCandidateUrls
FNDA:12,listSourceAttachmentsViaApp
FNDA:0,listSourceAttachmentsViaExternal
FNDA:12,listSourceAttachments
FNDA:9,downloadAttachment
FNDA:42,normalizeText
FNDA:11,findMatchingTargetPageId
FNDA:10,(anonymous_25)
FNDA:1,getSourcePageMetadata
FNDA:20,buildBasicAuthHeader
FNDA:11,sanitizeFilename
FNDA:11,buildMultipartBody
FNDA:2,sleep
FNDA:2,(anonymous_31)
FNDA:10,uploadToTarget
FNDA:11,syncPageAttachments
FNDA:3,(anonymous_34)
FNDA:0,(anonymous_35)
FNDA:12,(anonymous_36)
FNDA:10,getFirstHeaderValue
FNDA:8,(anonymous_38)
FNDA:5,getBearerTokenFromAuthHeader
FNDA:3,parseWebTriggerPayload
FNDA:7,normalizeOptionalText
FNDA:11,handler
FNDA:5,webTrigger
DA:1,2
DA:2,2
DA:5,2
DA:6,2
DA:7,2
DA:8,2
DA:98,32
DA:101,2
DA:102,24
DA:103,24
DA:106,2
DA:107,8
DA:108,8
DA:109,8
DA:114,22
DA:115,22
DA:116,22
DA:118,22
DA:119,0
DA:126,22
DA:130,0
DA:131,0
DA:134,0
DA:135,0
DA:136,0
DA:140,0
DA:141,0
DA:144,0
DA:145,0
DA:148,0
DA:152,0
DA:156,0
DA:157,0
DA:160,0
DA:161,0
DA:164,0
DA:168,0
DA:169,0
DA:170,0
DA:172,0
DA:174,0
DA:176,0
DA:186,0
DA:187,0
DA:189,0
DA:190,0
DA:191,0
DA:192,0
DA:193,0
DA:194,0
DA:195,0
DA:201,0
DA:202,0
DA:203,0
DA:205,0
DA:206,0
DA:207,0
DA:210,0
DA:211,0
DA:212,0
DA:215,0
DA:216,0
DA:225,0
DA:229,12
DA:230,12
DA:231,12
DA:233,12
DA:234,12
DA:236,12
DA:240,12
DA:241,12
DA:242,1
DA:243,1
DA:244,1
DA:247,11
DA:248,11
DA:251,11
DA:254,11
DA:262,0
DA:263,0
DA:264,0
DA:266,0
DA:267,0
DA:268,0
DA:270,0
DA:278,0
DA:279,0
DA:280,0
DA:281,0
DA:284,0
DA:285,0
DA:286,0
DA:289,0
DA:292,2
DA:293,12
DA:294,12
DA:295,0
DA:298,12
DA:301,2
DA:306,9
DA:307,9
DA:308,0
DA:314,0
DA:315,0
DA:316,0
DA:318,0
DA:319,0
DA:326,0
DA:327,0
DA:328,0
DA:329,0
DA:332,0
DA:333,0
DA:334,0
DA:335,0
DA:336,0
DA:341,0
DA:342,0
DA:343,0
DA:346,9
DA:347,9
DA:348,2
DA:351,7
DA:352,7
DA:353,7
DA:371,42
DA:374,2
DA:375,11
DA:376,11
DA:377,11
DA:379,11
DA:380,0
DA:383,11
DA:384,11
DA:390,11
DA:392,11
DA:400,11
DA:401,0
DA:402,0
DA:405,11
DA:406,11
DA:407,11
DA:408,11
DA:409,11
DA:410,10
DA:414,11
DA:415,1
DA:418,10
DA:419,0
DA:422,0
DA:425,10
DA:428,2
DA:429,1
DA:430,1
DA:440,1
DA:441,0
DA:442,0
DA:445,1
DA:446,1
DA:447,1
DA:449,1
DA:450,0
DA:453,1
DA:463,1
DA:464,0
DA:465,0
DA:468,1
DA:469,1
DA:471,1
DA:472,0
DA:475,1
DA:485,2
DA:486,2
DA:487,2
DA:490,20
DA:491,20
DA:495,11
DA:503,11
DA:504,11
DA:505,11
DA:506,11
DA:511,11
DA:512,11
DA:513,11
DA:515,11
DA:516,11
DA:517,11
DA:519,11
DA:523,2
DA:526,2
DA:532,10
DA:533,10
DA:534,10
DA:536,10
DA:537,1
DA:540,9
DA:541,9
DA:543,9
DA:545,9
DA:546,11
DA:547,11
DA:549,11
DA:552,11
DA:553,11
DA:555,11
DA:561,11
DA:562,8
DA:565,3
DA:566,3
DA:567,3
DA:568,1
DA:571,0
DA:572,0
DA:573,0
DA:577,3
DA:578,2
DA:579,2
DA:583,1
DA:586,2
DA:592,11
DA:594,11
DA:595,11
DA:596,1
DA:599,1
DA:603,10
DA:605,10
DA:606,10
DA:609,10
DA:610,0
DA:612,12
DA:614,10
DA:615,4
DA:616,4
DA:620,6
DA:621,6
DA:623,6
DA:624,9
DA:626,9
DA:627,9
DA:634,7
DA:637,7
DA:642,7
DA:644,7
DA:646,2
DA:647,2
DA:648,2
DA:653,6
DA:660,10
DA:661,0
DA:664,10
DA:665,8
DA:668,10
DA:672,5
DA:673,3
DA:676,2
DA:677,2
DA:678,0
DA:681,2
DA:685,3
DA:686,0
DA:689,3
DA:690,3
DA:692,0
DA:697,7
DA:698,3
DA:701,4
DA:702,4
DA:706,2
DA:707,11
DA:708,11
DA:709,11
DA:711,11
DA:712,2
DA:713,2
DA:716,9
DA:720,2
DA:721,5
DA:722,5
DA:723,0
DA:730,5
DA:731,5
DA:732,5
DA:733,5
DA:735,5
DA:736,1
DA:743,4
DA:744,1
DA:752,3
DA:753,3
DA:755,0
DA:762,3
DA:763,3
DA:764,1
DA:771,2
DA:772,2
DA:773,2
DA:774,2
DA:782,2
DA:789,2
DA:795,0
DA:796,0
DA:797,0
LF:302
LH:200
BRDA:103,0,0,24
BRDA:103,0,1,12
BRDA:118,1,0,0
BRDA:118,1,1,22
BRDA:118,2,0,22
BRDA:118,2,1,0
BRDA:118,2,2,0
BRDA:130,3,0,0
BRDA:130,3,1,0
BRDA:136,4,0,0
BRDA:136,4,1,0
BRDA:140,5,0,0
BRDA:140,5,1,0
BRDA:140,6,0,0
BRDA:140,6,1,0
BRDA:144,7,0,0
BRDA:144,7,1,0
BRDA:144,8,0,0
BRDA:144,8,1,0
BRDA:152,9,0,0
BRDA:152,9,1,0
BRDA:156,10,0,0
BRDA:156,10,1,0
BRDA:160,11,0,0
BRDA:160,11,1,0
BRDA:192,12,0,0
BRDA:192,12,1,0
BRDA:201,13,0,0
BRDA:201,13,1,0
BRDA:206,14,0,0
BRDA:206,14,1,0
BRDA:211,15,0,0
BRDA:211,15,1,0
BRDA:215,16,0,0
BRDA:215,16,1,0
BRDA:233,17,0,23
BRDA:233,17,1,11
BRDA:236,18,0,0
BRDA:236,18,1,12
BRDA:241,19,0,1
BRDA:241,19,1,11
BRDA:251,20,0,11
BRDA:251,20,1,11
BRDA:266,21,0,0
BRDA:266,21,1,0
BRDA:268,22,0,0
BRDA:268,22,1,0
BRDA:278,23,0,0
BRDA:278,23,1,0
BRDA:286,24,0,0
BRDA:286,24,1,0
BRDA:294,25,0,0
BRDA:294,25,1,12
BRDA:294,26,0,12
BRDA:294,26,1,0
BRDA:294,26,2,0
BRDA:307,27,0,0
BRDA:307,27,1,9
BRDA:307,28,0,9
BRDA:307,28,1,0
BRDA:307,28,2,0
BRDA:326,29,0,0
BRDA:326,29,1,0
BRDA:327,30,0,0
BRDA:327,30,1,0
BRDA:335,31,0,0
BRDA:335,31,1,0
BRDA:341,32,0,0
BRDA:341,32,1,0
BRDA:342,33,0,0
BRDA:342,33,1,0
BRDA:343,34,0,0
BRDA:343,34,1,0
BRDA:347,35,0,2
BRDA:347,35,1,7
BRDA:351,36,0,7
BRDA:351,36,1,0
BRDA:375,37,0,11
BRDA:375,37,1,0
BRDA:379,38,0,0
BRDA:379,38,1,11
BRDA:379,39,0,11
BRDA:379,39,1,11
BRDA:400,40,0,0
BRDA:400,40,1,11
BRDA:406,41,0,11
BRDA:406,41,1,0
BRDA:410,42,0,10
BRDA:410,42,1,10
BRDA:410,43,0,10
BRDA:410,43,1,0
BRDA:411,44,0,10
BRDA:411,44,1,0
BRDA:414,45,0,1
BRDA:414,45,1,10
BRDA:418,46,0,0
BRDA:418,46,1,10
BRDA:430,47,0,0
BRDA:430,47,1,1
BRDA:430,48,0,1
BRDA:430,48,1,0
BRDA:430,48,2,0
BRDA:440,49,0,0
BRDA:440,49,1,1
BRDA:449,50,0,0
BRDA:449,50,1,1
BRDA:449,51,0,1
BRDA:449,51,1,1
BRDA:453,52,0,0
BRDA:453,52,1,1
BRDA:453,53,0,1
BRDA:453,53,1,0
BRDA:453,53,2,0
BRDA:463,54,0,0
BRDA:463,54,1,1
BRDA:471,55,0,0
BRDA:471,55,1,1
BRDA:532,56,0,10
BRDA:532,56,1,0
BRDA:536,57,0,1
BRDA:536,57,1,9
BRDA:536,58,0,10
BRDA:536,58,1,9
BRDA:561,59,0,8
BRDA:561,59,1,3
BRDA:567,60,0,1
BRDA:567,60,1,2
BRDA:571,61,0,0
BRDA:571,61,1,0
BRDA:572,62,0,0
BRDA:572,62,1,0
BRDA:577,63,0,2
BRDA:577,63,1,1
BRDA:583,64,0,1
BRDA:583,64,1,0
BRDA:592,65,0,0
BRDA:592,65,1,11
BRDA:595,66,0,1
BRDA:595,66,1,10
BRDA:609,67,0,0
BRDA:609,67,1,10
BRDA:614,68,0,4
BRDA:614,68,1,6
BRDA:647,69,0,2
BRDA:647,69,1,0
BRDA:660,70,0,0
BRDA:660,70,1,10
BRDA:672,71,0,3
BRDA:672,71,1,2
BRDA:677,72,0,0
BRDA:677,72,1,2
BRDA:677,73,0,2
BRDA:677,73,1,2
BRDA:685,74,0,0
BRDA:685,74,1,3
BRDA:697,75,0,3
BRDA:697,75,1,4
BRDA:702,76,0,4
BRDA:702,76,1,0
BRDA:707,77,0,11
BRDA:707,77,1,2
BRDA:708,78,0,11
BRDA:708,78,1,2
BRDA:709,79,0,11
BRDA:709,79,1,2
BRDA:711,80,0,2
BRDA:711,80,1,9
BRDA:711,81,0,11
BRDA:711,81,1,9
BRDA:711,81,2,9
BRDA:722,82,0,0
BRDA:722,82,1,5
BRDA:733,83,0,5
BRDA:733,83,1,3
BRDA:735,84,0,1
BRDA:735,84,1,4
BRDA:743,85,0,1
BRDA:743,85,1,3
BRDA:758,86,0,0
BRDA:758,86,1,0
BRDA:763,87,0,1
BRDA:763,87,1,2
BRDA:774,88,0,1
BRDA:774,88,1,1
BRDA:774,89,0,2
BRDA:774,89,1,1
BRDA:795,90,0,0
BRDA:795,90,1,0
BRF:188
BRH:94
end_of_record
